2024-06-23 12:02:30,828 [INFO] Trial 0 finished with value: 0.881461061337009 and parameters: {'max_depth': 32, 'subsample': 0.8683453581112338, 'colsample_bytree': 0.9371859836502532, 'eta': 0.01697458067220914, 'num_round': 416}. Best is trial 0 with value: 0.881461061337009.
2024-06-23 12:02:48,808 [INFO] Trial 1 finished with value: 0.8806340454858718 and parameters: {'max_depth': 33, 'subsample': 0.672429077709872, 'colsample_bytree': 0.7529061125580415, 'eta': 0.008633627623831056, 'num_round': 521}. Best is trial 0 with value: 0.881461061337009.
2024-06-23 12:03:03,224 [INFO] Trial 2 finished with value: 0.8822880771881461 and parameters: {'max_depth': 20, 'subsample': 0.615116806798843, 'colsample_bytree': 0.8220469967981066, 'eta': 0.01982273029741734, 'num_round': 722}. Best is trial 2 with value: 0.8822880771881461.
2024-06-23 12:03:21,638 [INFO] Trial 3 finished with value: 0.8738800827015851 and parameters: {'max_depth': 37, 'subsample': 0.9585133356848944, 'colsample_bytree': 0.688766199863305, 'eta': 0.0014716154361950184, 'num_round': 395}. Best is trial 2 with value: 0.8822880771881461.
2024-06-23 12:03:40,993 [INFO] Trial 4 finished with value: 0.882012405237767 and parameters: {'max_depth': 21, 'subsample': 0.7132952193172482, 'colsample_bytree': 0.7601416848607143, 'eta': 0.009561105753500474, 'num_round': 733}. Best is trial 2 with value: 0.8822880771881461.
2024-06-23 12:04:03,840 [INFO] Trial 5 finished with value: 0.879117849758787 and parameters: {'max_depth': 34, 'subsample': 0.8576801507128631, 'colsample_bytree': 0.988922902606212, 'eta': 0.010236092144889384, 'num_round': 644}. Best is trial 2 with value: 0.8822880771881461.
2024-06-23 12:04:19,692 [INFO] Trial 6 finished with value: 0.8697450034458993 and parameters: {'max_depth': 22, 'subsample': 0.908799920089248, 'colsample_bytree': 0.6015638067233662, 'eta': 0.0027434027016529075, 'num_round': 404}. Best is trial 2 with value: 0.8822880771881461.
2024-06-23 12:04:51,987 [INFO] Trial 7 finished with value: 0.8806340454858718 and parameters: {'max_depth': 33, 'subsample': 0.9098980749417287, 'colsample_bytree': 0.7486209576456944, 'eta': 0.005931023815149131, 'num_round': 695}. Best is trial 2 with value: 0.8822880771881461.
2024-06-23 12:05:04,697 [INFO] Trial 8 finished with value: 0.882012405237767 and parameters: {'max_depth': 35, 'subsample': 0.8114828097087913, 'colsample_bytree': 0.7131312071661234, 'eta': 0.027495368330743713, 'num_round': 433}. Best is trial 2 with value: 0.8822880771881461.
2024-06-23 12:05:39,827 [INFO] Trial 9 finished with value: 0.8730530668504479 and parameters: {'max_depth': 40, 'subsample': 0.8032612993935507, 'colsample_bytree': 0.9230156813028961, 'eta': 0.0010517555511916944, 'num_round': 800}. Best is trial 2 with value: 0.8822880771881461.
2024-06-23 12:05:57,926 [INFO] Trial 10 finished with value: 0.8822880771881461 and parameters: {'max_depth': 26, 'subsample': 0.6112398950958512, 'colsample_bytree': 0.8878872282048818, 'eta': 0.022135959492086445, 'num_round': 892}. Best is trial 2 with value: 0.8822880771881461.
2024-06-23 12:06:15,838 [INFO] Trial 11 finished with value: 0.8822880771881461 and parameters: {'max_depth': 26, 'subsample': 0.6051250170963443, 'colsample_bytree': 0.8516889260956668, 'eta': 0.022225220723428623, 'num_round': 899}. Best is trial 2 with value: 0.8822880771881461.
2024-06-23 12:06:35,011 [INFO] Trial 12 finished with value: 0.881461061337009 and parameters: {'max_depth': 26, 'subsample': 0.6038476176464529, 'colsample_bytree': 0.8419875742780746, 'eta': 0.01927931054547365, 'num_round': 897}. Best is trial 2 with value: 0.8822880771881461.
2024-06-23 12:06:49,165 [INFO] Trial 13 finished with value: 0.8828394210889042 and parameters: {'max_depth': 19, 'subsample': 0.7051595441098344, 'colsample_bytree': 0.8698594001701363, 'eta': 0.024963569232185137, 'num_round': 817}. Best is trial 13 with value: 0.8828394210889042.
2024-06-23 12:07:02,678 [INFO] Trial 14 finished with value: 0.8821502412129566 and parameters: {'max_depth': 20, 'subsample': 0.704771036180222, 'colsample_bytree': 0.8160406380864047, 'eta': 0.028531568896088936, 'num_round': 776}. Best is trial 13 with value: 0.8828394210889042.
2024-06-23 12:07:13,755 [INFO] Trial 15 finished with value: 0.8839421088904204 and parameters: {'max_depth': 19, 'subsample': 0.7426988196640798, 'colsample_bytree': 0.8842615142082354, 'eta': 0.025092903388771175, 'num_round': 563}. Best is trial 15 with value: 0.8839421088904204.
2024-06-23 12:07:26,988 [INFO] Trial 16 finished with value: 0.8824259131633356 and parameters: {'max_depth': 24, 'subsample': 0.7550318717969408, 'colsample_bytree': 0.9813446619107735, 'eta': 0.02518955040934602, 'num_round': 562}. Best is trial 15 with value: 0.8839421088904204.
2024-06-23 12:07:38,280 [INFO] Trial 17 finished with value: 0.8803583735354927 and parameters: {'max_depth': 29, 'subsample': 0.7537515582195441, 'colsample_bytree': 0.8959291566657915, 'eta': 0.013770769689158186, 'num_round': 306}. Best is trial 15 with value: 0.8839421088904204.
2024-06-23 12:07:50,768 [INFO] Trial 18 finished with value: 0.881461061337009 and parameters: {'max_depth': 23, 'subsample': 0.6647836660768138, 'colsample_bytree': 0.8742764833007957, 'eta': 0.02974212641391304, 'num_round': 629}. Best is trial 15 with value: 0.8839421088904204.
2024-06-23 12:08:00,826 [INFO] Trial 19 finished with value: 0.8828394210889042 and parameters: {'max_depth': 19, 'subsample': 0.7666093767524045, 'colsample_bytree': 0.9428695111309868, 'eta': 0.025571896989468875, 'num_round': 497}. Best is trial 15 with value: 0.8839421088904204.
2024-06-23 12:08:18,485 [INFO] Trial 20 finished with value: 0.8822880771881461 and parameters: {'max_depth': 28, 'subsample': 0.6978315989398056, 'colsample_bytree': 0.7932605302031165, 'eta': 0.02302741299321464, 'num_round': 814}. Best is trial 15 with value: 0.8839421088904204.
2024-06-23 12:08:29,054 [INFO] Trial 21 finished with value: 0.8839421088904204 and parameters: {'max_depth': 19, 'subsample': 0.7661139851791595, 'colsample_bytree': 0.9379483159832255, 'eta': 0.025084257658236186, 'num_round': 523}. Best is trial 15 with value: 0.8839421088904204.
2024-06-23 12:08:40,334 [INFO] Trial 22 finished with value: 0.8828394210889042 and parameters: {'max_depth': 19, 'subsample': 0.7412922326847952, 'colsample_bytree': 0.9588958129747477, 'eta': 0.025507262225566298, 'num_round': 574}. Best is trial 15 with value: 0.8839421088904204.
2024-06-23 12:08:54,591 [INFO] Trial 23 finished with value: 0.8829772570640937 and parameters: {'max_depth': 24, 'subsample': 0.7909399578130919, 'colsample_bytree': 0.9047852665111057, 'eta': 0.01898159087694906, 'num_round': 502}. Best is trial 15 with value: 0.8839421088904204.
2024-06-23 12:09:09,588 [INFO] Trial 24 finished with value: 0.8827015851137147 and parameters: {'max_depth': 24, 'subsample': 0.8201300750926757, 'colsample_bytree': 0.9119201192823796, 'eta': 0.015344398837146955, 'num_round': 485}. Best is trial 15 with value: 0.8839421088904204.
2024-06-23 12:09:23,554 [INFO] Trial 25 finished with value: 0.8836664369400413 and parameters: {'max_depth': 22, 'subsample': 0.7772932565291265, 'colsample_bytree': 0.9572829097340996, 'eta': 0.019407480187916992, 'num_round': 541}. Best is trial 15 with value: 0.8839421088904204.
2024-06-23 12:09:38,121 [INFO] Trial 26 finished with value: 0.8815988973121985 and parameters: {'max_depth': 22, 'subsample': 0.8454259806406665, 'colsample_bytree': 0.963454947573035, 'eta': 0.021148780971816362, 'num_round': 608}. Best is trial 15 with value: 0.8839421088904204.
2024-06-23 12:09:51,845 [INFO] Trial 27 finished with value: 0.882012405237767 and parameters: {'max_depth': 21, 'subsample': 0.7324071778879693, 'colsample_bytree': 0.9855362194863517, 'eta': 0.016605692202742793, 'num_round': 535}. Best is trial 15 with value: 0.8839421088904204.
2024-06-23 12:10:10,116 [INFO] Trial 28 finished with value: 0.8828394210889042 and parameters: {'max_depth': 22, 'subsample': 0.7835164291513675, 'colsample_bytree': 0.999601884710182, 'eta': 0.013263111485672597, 'num_round': 667}. Best is trial 15 with value: 0.8839421088904204.
2024-06-23 12:10:22,215 [INFO] Trial 29 finished with value: 0.8828394210889042 and parameters: {'max_depth': 30, 'subsample': 0.8319628571746132, 'colsample_bytree': 0.9387023209759336, 'eta': 0.02707295072742878, 'num_round': 449}. Best is trial 15 with value: 0.8839421088904204.
2024-06-23 12:10:31,774 [INFO] Trial 30 finished with value: 0.8806340454858718 and parameters: {'max_depth': 21, 'subsample': 0.8876636193834544, 'colsample_bytree': 0.9553350529609083, 'eta': 0.02332404104813894, 'num_round': 352}. Best is trial 15 with value: 0.8839421088904204.
2024-06-23 12:10:45,177 [INFO] Trial 31 finished with value: 0.8831150930392833 and parameters: {'max_depth': 24, 'subsample': 0.7842003304823345, 'colsample_bytree': 0.9135845904195136, 'eta': 0.019848749737603692, 'num_round': 477}. Best is trial 15 with value: 0.8839421088904204.
2024-06-23 12:11:01,671 [INFO] Trial 32 finished with value: 0.8850447966919366 and parameters: {'max_depth': 25, 'subsample': 0.7764487695729669, 'colsample_bytree': 0.9289367870204254, 'eta': 0.018242939171707197, 'num_round': 562}. Best is trial 32 with value: 0.8850447966919366.
2024-06-23 12:11:14,463 [INFO] Trial 33 finished with value: 0.8827015851137147 and parameters: {'max_depth': 20, 'subsample': 0.6647498584567134, 'colsample_bytree': 0.9296404835835028, 'eta': 0.018026896045852645, 'num_round': 562}. Best is trial 32 with value: 0.8850447966919366.
2024-06-23 12:11:31,234 [INFO] Trial 34 finished with value: 0.8828394210889042 and parameters: {'max_depth': 27, 'subsample': 0.7629579061524527, 'colsample_bytree': 0.8535899830291435, 'eta': 0.016965487350738537, 'num_round': 588}. Best is trial 32 with value: 0.8850447966919366.
2024-06-23 12:11:42,865 [INFO] Trial 35 finished with value: 0.8831150930392833 and parameters: {'max_depth': 20, 'subsample': 0.6427205938543552, 'colsample_bytree': 0.9640994457402677, 'eta': 0.02081523475578557, 'num_round': 534}. Best is trial 32 with value: 0.8850447966919366.
2024-06-23 12:11:59,156 [INFO] Trial 36 finished with value: 0.8803583735354927 and parameters: {'max_depth': 23, 'subsample': 0.9929060796947147, 'colsample_bytree': 0.8722868369713608, 'eta': 0.01254252119885916, 'num_round': 457}. Best is trial 32 with value: 0.8850447966919366.
2024-06-23 12:12:14,353 [INFO] Trial 37 finished with value: 0.8822880771881461 and parameters: {'max_depth': 21, 'subsample': 0.7233837028690753, 'colsample_bytree': 0.9339794966969889, 'eta': 0.015038730467865209, 'num_round': 618}. Best is trial 32 with value: 0.8850447966919366.
2024-06-23 12:12:31,407 [INFO] Trial 38 finished with value: 0.878566505858029 and parameters: {'max_depth': 25, 'subsample': 0.8766753859909305, 'colsample_bytree': 0.6159398436664966, 'eta': 0.024206528724186983, 'num_round': 663}. Best is trial 32 with value: 0.8850447966919366.
2024-06-23 12:12:41,692 [INFO] Trial 39 finished with value: 0.8824259131633356 and parameters: {'max_depth': 19, 'subsample': 0.6903132867744947, 'colsample_bytree': 0.8241574939185892, 'eta': 0.027628025410483942, 'num_round': 537}. Best is trial 32 with value: 0.8850447966919366.
2024-06-23 12:13:01,196 [INFO] Trial 40 finished with value: 0.8835286009648519 and parameters: {'max_depth': 22, 'subsample': 0.7786331696571265, 'colsample_bytree': 0.896654836532834, 'eta': 0.011690831716302566, 'num_round': 700}. Best is trial 32 with value: 0.8850447966919366.
2024-06-23 12:13:20,717 [INFO] Trial 41 finished with value: 0.8822880771881461 and parameters: {'max_depth': 22, 'subsample': 0.7688901380503892, 'colsample_bytree': 0.9062062649820856, 'eta': 0.012028686000607193, 'num_round': 722}. Best is trial 32 with value: 0.8850447966919366.
2024-06-23 12:13:39,224 [INFO] Trial 42 finished with value: 0.8825637491385252 and parameters: {'max_depth': 23, 'subsample': 0.7951879151612861, 'colsample_bytree': 0.9751433249691075, 'eta': 0.010963897000195682, 'num_round': 593}. Best is trial 32 with value: 0.8850447966919366.
2024-06-23 12:14:00,704 [INFO] Trial 43 finished with value: 0.881736733287388 and parameters: {'max_depth': 21, 'subsample': 0.827823845421016, 'colsample_bytree': 0.8841393096605435, 'eta': 0.008460641377862958, 'num_round': 692}. Best is trial 32 with value: 0.8850447966919366.
2024-06-23 12:14:19,762 [INFO] Trial 44 finished with value: 0.8799448656099242 and parameters: {'max_depth': 31, 'subsample': 0.7415452889826294, 'colsample_bytree': 0.9465061336875258, 'eta': 0.008735148869388688, 'num_round': 520}. Best is trial 32 with value: 0.8850447966919366.
2024-06-23 12:14:37,173 [INFO] Trial 45 finished with value: 0.8821502412129566 and parameters: {'max_depth': 25, 'subsample': 0.8040073220793907, 'colsample_bytree': 0.9270587323775836, 'eta': 0.018040795778987023, 'num_round': 641}. Best is trial 32 with value: 0.8850447966919366.
2024-06-23 12:14:51,069 [INFO] Trial 46 finished with value: 0.8793935217091661 and parameters: {'max_depth': 20, 'subsample': 0.8524137684785199, 'colsample_bytree': 0.7859169160147379, 'eta': 0.006974199874939995, 'num_round': 387}. Best is trial 32 with value: 0.8850447966919366.
2024-06-23 12:15:09,469 [INFO] Trial 47 finished with value: 0.8815988973121985 and parameters: {'max_depth': 38, 'subsample': 0.7229066783555813, 'colsample_bytree': 0.8341126287790223, 'eta': 0.021952382673504273, 'num_round': 755}. Best is trial 32 with value: 0.8850447966919366.
2024-06-23 12:15:25,654 [INFO] Trial 48 finished with value: 0.8832529290144728 and parameters: {'max_depth': 22, 'subsample': 0.7765021756247517, 'colsample_bytree': 0.8875081064233232, 'eta': 0.014273711649268325, 'num_round': 559}. Best is trial 32 with value: 0.8850447966919366.
2024-06-23 12:15:56,263 [INFO] Trial 49 finished with value: 0.8807718814610613 and parameters: {'max_depth': 20, 'subsample': 0.8097488348943681, 'colsample_bytree': 0.8572913533535684, 'eta': 0.00373615722794653, 'num_round': 860}. Best is trial 32 with value: 0.8850447966919366.
2024-06-23 12:15:56,269 [INFO] Best hyperparameters: {'max_depth': 25, 'subsample': 0.7764487695729669, 'colsample_bytree': 0.9289367870204254, 'eta': 0.018242939171707197, 'num_round': 562}
2024-06-23 12:15:56,269 [INFO] Best value: 0.8850447966919366
